info: Microsoft.EntityFrameworkCore.Database.Command[20101]
      Executed DbCommand (9ms) [Parameters=[], CommandType='Text', CommandTimeout='30']
      SELECT 1
info: Microsoft.EntityFrameworkCore.Migrations[20411]
      Acquiring an exclusive lock for migration application. See https://aka.ms/efcore-docs-migrations-lock for more information if this takes too long.
info: Microsoft.EntityFrameworkCore.Database.Command[20101]
      Executed DbCommand (13ms) [Parameters=[], CommandType='Text', CommandTimeout='30']
      DECLARE @result int;
      EXEC @result = sp_getapplock @Resource = '__EFMigrationsLock', @LockOwner = 'Session', @LockMode = 'Exclusive';
      SELECT @result
info: Microsoft.EntityFrameworkCore.Database.Command[20101]
      Executed DbCommand (1ms) [Parameters=[], CommandType='Text', CommandTimeout='30']
      IF OBJECT_ID(N'[__EFMigrationsHistory]') IS NULL
      BEGIN
          CREATE TABLE [__EFMigrationsHistory] (
              [MigrationId] nvarchar(150) NOT NULL,
              [ProductVersion] nvarchar(32) NOT NULL,
              CONSTRAINT [PK___EFMigrationsHistory] PRIMARY KEY ([MigrationId])
          );
      END;
info: Microsoft.EntityFrameworkCore.Database.Command[20101]
      Executed DbCommand (0ms) [Parameters=[], CommandType='Text', CommandTimeout='30']
      SELECT 1
info: Microsoft.EntityFrameworkCore.Database.Command[20101]
      Executed DbCommand (0ms) [Parameters=[], CommandType='Text', CommandTimeout='30']
      SELECT OBJECT_ID(N'[__EFMigrationsHistory]');
info: Microsoft.EntityFrameworkCore.Database.Command[20101]
      Executed DbCommand (1ms) [Parameters=[], CommandType='Text', CommandTimeout='30']
      SELECT [MigrationId], [ProductVersion]
      FROM [__EFMigrationsHistory]
      ORDER BY [MigrationId];
info: Microsoft.EntityFrameworkCore.Migrations[20405]
      No migrations were applied. The database is already up to date.
info: Microsoft.EntityFrameworkCore.Database.Command[20101]
      Executed DbCommand (2ms) [Parameters=[], CommandType='Text', CommandTimeout='30']
      DECLARE @result int;
      EXEC @result = sp_releaseapplock @Resource = '__EFMigrationsLock', @LockOwner = 'Session';
      SELECT @result
info: Microsoft.Hosting.Lifetime[14]
      Now listening on: http://localhost:5100
info: Microsoft.Hosting.Lifetime[0]
      Application started. Press Ctrl+C to shut down.
info: Microsoft.Hosting.Lifetime[0]
      Hosting environment: Production
info: Microsoft.Hosting.Lifetime[0]
      Content root path: C:\repos\OutTheDoor-App\OutTheDoor.Api
info: Microsoft.EntityFrameworkCore.Database.Command[20101]
      Executed DbCommand (34ms) [Parameters=[@__username_0='?' (Size = 100)], CommandType='Text', CommandTimeout='30']
      SELECT TOP(1) [u].[Id], [u].[CreatedAt], [u].[Username]
      FROM [outthedoor].[Users] AS [u]
      WHERE [u].[Username] = @__username_0
info: Microsoft.EntityFrameworkCore.Database.Command[20101]
      Executed DbCommand (1ms) [Parameters=[@__username_0='?' (Size = 100)], CommandType='Text', CommandTimeout='30']
      SELECT TOP(1) [u].[Id], [u].[CreatedAt], [u].[Username]
      FROM [outthedoor].[Users] AS [u]
      WHERE [u].[Username] = @__username_0
info: Microsoft.EntityFrameworkCore.Database.Command[20101]
      Executed DbCommand (5ms) [Parameters=[@__request_UserId_0='?' (DbType = Guid)], CommandType='Text', CommandTimeout='30']
      SELECT [s].[Id], [s].[AlertMinutes], [s].[AutoStart], [s].[BufferMinutes], [s].[CreatedAt], [s].[DefaultLeaveTime], [s].[Name], [s].[UpdatedAt], [s].[UserId], [s0].[Id], [s0].[DurationMinutes], [s0].[IsEnabledByDefault], [s0].[IsOptional], [s0].[Name], [s0].[Order], [s0].[ScenarioId]
      FROM [outthedoor].[Scenarios] AS [s]
      LEFT JOIN [outthedoor].[ScenarioTasks] AS [s0] ON [s].[Id] = [s0].[ScenarioId]
      WHERE [s].[UserId] = @__request_UserId_0
      ORDER BY [s].[Name], [s].[Id]
info: Microsoft.EntityFrameworkCore.Database.Command[20101]
      Executed DbCommand (1ms) [Parameters=[@__request_UserId_0='?' (DbType = Guid)], CommandType='Text', CommandTimeout='30']
      SELECT [s].[Id], [s].[AlertMinutes], [s].[AutoStart], [s].[BufferMinutes], [s].[CreatedAt], [s].[DefaultLeaveTime], [s].[Name], [s].[UpdatedAt], [s].[UserId], [s0].[Id], [s0].[DurationMinutes], [s0].[IsEnabledByDefault], [s0].[IsOptional], [s0].[Name], [s0].[Order], [s0].[ScenarioId]
      FROM [outthedoor].[Scenarios] AS [s]
      LEFT JOIN [outthedoor].[ScenarioTasks] AS [s0] ON [s].[Id] = [s0].[ScenarioId]
      WHERE [s].[UserId] = @__request_UserId_0
      ORDER BY [s].[Name], [s].[Id]
info: Microsoft.EntityFrameworkCore.Database.Command[20101]
      Executed DbCommand (3ms) [Parameters=[@__request_UserId_0='?' (DbType = Guid)], CommandType='Text', CommandTimeout='30']
      SELECT [s].[Id], [s].[AlertMinutes], [s].[AutoStart], [s].[BufferMinutes], [s].[CreatedAt], [s].[DefaultLeaveTime], [s].[Name], [s].[UpdatedAt], [s].[UserId], [s0].[Id], [s0].[DurationMinutes], [s0].[IsEnabledByDefault], [s0].[IsOptional], [s0].[Name], [s0].[Order], [s0].[ScenarioId]
      FROM [outthedoor].[Scenarios] AS [s]
      LEFT JOIN [outthedoor].[ScenarioTasks] AS [s0] ON [s].[Id] = [s0].[ScenarioId]
      WHERE [s].[UserId] = @__request_UserId_0
      ORDER BY [s].[Name], [s].[Id]
